Flow report for skeleton
Fri Apr 19 01:48:24 2019
Quartus Prime Version 17.1.0 Build 590 10/25/2017 SJ Lite Edition


---------------------
; Table of Contents ;
---------------------
  1. Legal Notice
  2. Flow Summary
  3. Flow Settings
  4. Flow Non-Default Global Settings
  5. Flow Elapsed Time
  6. Flow OS Summary
  7. Flow Log
  8. Flow Messages
  9. Flow Suppressed Messages



----------------
; Legal Notice ;
----------------
Copyright (C) 2017  Intel Corporation. All rights reserved.
Your use of Intel Corporation's design tools, logic functions 
and other software and tools, and its AMPP partner logic 
functions, and any output files from any of the foregoing 
(including device programming or simulation files), and any 
associated documentation or information are expressly subject 
to the terms and conditions of the Intel Program License 
Subscription Agreement, the Intel Quartus Prime License Agreement,
the Intel FPGA IP License Agreement, or other applicable license
agreement, including, without limitation, that your use is for
the sole purpose of programming logic devices manufactured by
Intel and sold by Intel or its authorized distributors.  Please
refer to the applicable agreement for further details.



+----------------------------------------------------------------------------------+
; Flow Summary                                                                     ;
+------------------------------------+---------------------------------------------+
; Flow Status                        ; Successful - Fri Apr 19 01:48:24 2019       ;
; Quartus Prime Version              ; 17.1.0 Build 590 10/25/2017 SJ Lite Edition ;
; Revision Name                      ; skeleton                                    ;
; Top-level Entity Name              ; skeleton                                    ;
; Family                             ; Cyclone IV E                                ;
; Device                             ; EP4CE115F29C7                               ;
; Timing Models                      ; Final                                       ;
; Total logic elements               ; 7,571 / 114,480 ( 7 % )                     ;
;     Total combinational functions  ; 7,353 / 114,480 ( 6 % )                     ;
;     Dedicated logic registers      ; 1,658 / 114,480 ( 1 % )                     ;
; Total registers                    ; 1658                                        ;
; Total pins                         ; 243 / 529 ( 46 % )                          ;
; Total virtual pins                 ; 0                                           ;
; Total memory bits                  ; 270,528 / 3,981,312 ( 7 % )                 ;
; Embedded Multiplier 9-bit elements ; 0 / 532 ( 0 % )                             ;
; Total PLLs                         ; 1 / 4 ( 25 % )                              ;
+------------------------------------+---------------------------------------------+


+-----------------------------------------+
; Flow Settings                           ;
+-------------------+---------------------+
; Option            ; Setting             ;
+-------------------+---------------------+
; Start date & time ; 04/19/2019 01:39:45 ;
; Main task         ; Compilation         ;
; Revision Name     ; skeleton            ;
+-------------------+---------------------+


+-----------------------------------------------------------------------------------------------------------------------------+
; Flow Non-Default Global Settings                                                                                            ;
+-------------------------------------+----------------------------------------+---------------+-------------+----------------+
; Assignment Name                     ; Value                                  ; Default Value ; Entity Name ; Section Id     ;
+-------------------------------------+----------------------------------------+---------------+-------------+----------------+
; COMPILER_SIGNATURE_ID               ; 154946507248320.155565238531712        ; --            ; --          ; --             ;
; EDA_OUTPUT_DATA_FORMAT              ; Verilog Hdl                            ; --            ; --          ; eda_simulation ;
; EDA_SIMULATION_TOOL                 ; ModelSim-Altera (Verilog)              ; <None>        ; --          ; --             ;
; MAX_CORE_JUNCTION_TEMP              ; 85                                     ; --            ; --          ; --             ;
; MIN_CORE_JUNCTION_TEMP              ; 0                                      ; --            ; --          ; --             ;
; MISC_FILE                           ; pll.bsf                                ; --            ; --          ; --             ;
; MISC_FILE                           ; pll.cmp                                ; --            ; --          ; --             ;
; MISC_FILE                           ; pll.ppf                                ; --            ; --          ; --             ;
; MISC_FILE                           ; imem_inst.v                            ; --            ; --          ; --             ;
; MISC_FILE                           ; imem.cmp                               ; --            ; --          ; --             ;
; MISC_FILE                           ; dmem_inst.v                            ; --            ; --          ; --             ;
; MISC_FILE                           ; dmem.cmp                               ; --            ; --          ; --             ;
; NOMINAL_CORE_SUPPLY_VOLTAGE         ; 1.2V                                   ; --            ; --          ; --             ;
; PARTITION_COLOR                     ; -- (Not supported for targeted family) ; --            ; --          ; Top            ;
; PARTITION_FITTER_PRESERVATION_LEVEL ; -- (Not supported for targeted family) ; --            ; --          ; Top            ;
; PARTITION_NETLIST_TYPE              ; -- (Not supported for targeted family) ; --            ; --          ; Top            ;
; POWER_BOARD_THERMAL_MODEL           ; None (CONSERVATIVE)                    ; --            ; --          ; --             ;
; POWER_PRESET_COOLING_SOLUTION       ; 23 MM HEAT SINK WITH 200 LFPM AIRFLOW  ; --            ; --          ; --             ;
; PROJECT_OUTPUT_DIRECTORY            ; output_files                           ; --            ; --          ; --             ;
+-------------------------------------+----------------------------------------+---------------+-------------+----------------+


+-------------------------------------------------------------------------------------------------------------------------------+
; Flow Elapsed Time                                                                                                             ;
+---------------------------+--------------+-------------------------+---------------------+------------------------------------+
; Module Name               ; Elapsed Time ; Average Processors Used ; Peak Virtual Memory ; Total CPU Time (on all processors) ;
+---------------------------+--------------+-------------------------+---------------------+------------------------------------+
; Analysis & Synthesis      ; 00:00:46     ; 1.0                     ; 4914 MB             ; 00:00:54                           ;
; Fitter                    ; 00:01:06     ; 1.1                     ; 5879 MB             ; 00:01:47                           ;
; Assembler                 ; 00:00:03     ; 1.0                     ; 4750 MB             ; 00:00:03                           ;
; TimeQuest Timing Analyzer ; 00:00:06     ; 1.6                     ; 4959 MB             ; 00:00:06                           ;
; EDA Netlist Writer        ; 00:00:07     ; 1.0                     ; 4778 MB             ; 00:00:07                           ;
; MIF/HEX Update            ; 00:00:02     ; 1.0                     ; 4847 MB             ; 00:00:02                           ;
; EDA Netlist Writer        ; 00:00:01     ; 1.0                     ; 4708 MB             ; 00:00:01                           ;
; EDA Netlist Writer        ; 00:00:01     ; 1.0                     ; 4708 MB             ; 00:00:02                           ;
; EDA Netlist Writer        ; 00:00:02     ; 1.0                     ; 4724 MB             ; 00:00:02                           ;
; EDA Netlist Writer        ; 00:00:02     ; 1.0                     ; 4708 MB             ; 00:00:02                           ;
; EDA Netlist Writer        ; 00:00:03     ; 1.0                     ; 4723 MB             ; 00:00:02                           ;
; Total                     ; 00:02:19     ; --                      ; --                  ; 00:03:08                           ;
+---------------------------+--------------+-------------------------+---------------------+------------------------------------+


+-----------------------------------------------------------------------------------------+
; Flow OS Summary                                                                         ;
+---------------------------+------------------+------------+------------+----------------+
; Module Name               ; Machine Hostname ; OS Name    ; OS Version ; Processor type ;
+---------------------------+------------------+------------+------------+----------------+
; Analysis & Synthesis      ; 202a-pc03        ; Windows 10 ; 10.0       ; x86_64         ;
; Fitter                    ; 202a-pc03        ; Windows 10 ; 10.0       ; x86_64         ;
; Assembler                 ; 202a-pc03        ; Windows 10 ; 10.0       ; x86_64         ;
; TimeQuest Timing Analyzer ; 202a-pc03        ; Windows 10 ; 10.0       ; x86_64         ;
; EDA Netlist Writer        ; 202a-pc03        ; Windows 10 ; 10.0       ; x86_64         ;
; MIF/HEX Update            ; 202a-pc03        ; Windows 10 ; 10.0       ; x86_64         ;
; EDA Netlist Writer        ; 202a-pc03        ; Windows 10 ; 10.0       ; x86_64         ;
; EDA Netlist Writer        ; 202a-pc03        ; Windows 10 ; 10.0       ; x86_64         ;
; EDA Netlist Writer        ; 202a-pc03        ; Windows 10 ; 10.0       ; x86_64         ;
; EDA Netlist Writer        ; 202a-pc03        ; Windows 10 ; 10.0       ; x86_64         ;
; EDA Netlist Writer        ; 202a-pc03        ; Windows 10 ; 10.0       ; x86_64         ;
+---------------------------+------------------+------------+------------+----------------+


------------
; Flow Log ;
------------
quartus_map --read_settings_files=on --write_settings_files=off skeleton -c skeleton
quartus_fit --read_settings_files=off --write_settings_files=off skeleton -c skeleton
quartus_asm --read_settings_files=off --write_settings_files=off skeleton -c skeleton
quartus_sta skeleton -c skeleton
quartus_eda --read_settings_files=off --write_settings_files=off skeleton -c skeleton
quartus_cdb skeleton -c skeleton --update_mif
quartus_eda --gen_testbench --tool=modelsim_oem --format=verilog --write_settings_files=off skeleton -c skeleton --vector_source=C:/Users/gc124/Desktop/gouttham/350final/project/guitarpong/Waveform1.vwf --testbench_file=C:/Users/gc124/Desktop/gouttham/350final/project/guitarpong/simulation/qsim/Waveform1.vwf.vt
quartus_eda --gen_testbench --tool=modelsim_oem --format=verilog --write_settings_files=off skeleton -c skeleton --vector_source=C:/Users/gc124/Desktop/gouttham/350final/project/guitarpong/Waveform1.vwf --testbench_file=C:/Users/gc124/Desktop/gouttham/350final/project/guitarpong/simulation/qsim/Waveform1.vwf.vt
quartus_eda --write_settings_files=off --simulation=on --functional=on --flatten_buses=off --tool=modelsim_oem --format=verilog --output_directory=C:/Users/gc124/Desktop/gouttham/350final/project/guitarpong/simulation/qsim/ skeleton -c skeleton
quartus_eda --gen_testbench --tool=modelsim_oem --format=verilog --write_settings_files=off skeleton -c skeleton --vector_source=C:/Users/gc124/Desktop/gouttham/350final/project/guitarpong/Waveform1.vwf --testbench_file=C:/Users/gc124/Desktop/gouttham/350final/project/guitarpong/simulation/qsim/Waveform1.vwf.vt
quartus_eda --write_settings_files=off --simulation=on --functional=on --flatten_buses=off --tool=modelsim_oem --format=verilog --output_directory=C:/Users/gc124/Desktop/gouttham/350final/project/guitarpong/simulation/qsim/ skeleton -c skeleton



